<?xml version="1.0" encoding="UTF-8"?>
<!-- Generated by org.testng.reporters.JUnitReportReporter -->
<testsuite hostname="DESKTOP-5BHJEAE" name="org.oaktech.qa.TestNGDemo" tests="2" failures="0" timestamp="31 Jul 2017 07:57:08 GMT" time="0.008" errors="0">
  <testcase name="xyz" time="0.006" classname="org.oaktech.qa.TestNGDemo"/>
  <testcase name="pqr" time="0.002" classname="org.oaktech.qa.TestNGDemo"/>
</testsuite> <!-- org.oaktech.qa.TestNGDemo -->
