<?xml version="1.0" encoding="UTF-8"?>
<!-- Generated by org.testng.reporters.JUnitReportReporter -->
<testsuite hostname="DESKTOP-5BHJEAE" name="org.oaktech.qa.NewTest" tests="1" failures="0" timestamp="31 Jul 2017 07:57:08 GMT" time="0.012" errors="0">
  <testcase name="f" time="0.012" classname="org.oaktech.qa.NewTest"/>
</testsuite> <!-- org.oaktech.qa.NewTest -->
