<?xml version="1.0" encoding="UTF-8"?>
<!-- Generated by org.testng.reporters.JUnitReportReporter -->
<testsuite skipped="0" hostname="DESKTOP-5BHJEAE" name="com.softq.main.MainDriverScript" tests="1" failures="0" timestamp="29 Aug 2017 15:03:19 GMT" time="24.678" errors="0">
  <testcase name="login" time="24.678" classname="com.softq.main.MainDriverScript"/>
</testsuite> <!-- com.softq.main.MainDriverScript -->
