<?xml version="1.0" encoding="UTF-8"?>
<!-- Generated by org.testng.reporters.JUnitReportReporter -->
<testsuite skipped="2" hostname="DESKTOP-5BHJEAE" name="com.softq.main.Flipkart" tests="3" failures="0" timestamp="24 Aug 2017 16:28:38 GMT" time="54.145" errors="0">
  <testcase name="mouseHover" time="54.145" classname="com.softq.main.Flipkart"/>
  <testcase name="stringReverse" classname="com.softq.main.Flipkart">
    <skipped/>
  </testcase> <!-- stringReverse -->
  <testcase name="dragAndDrop" classname="com.softq.main.Flipkart">
    <skipped/>
  </testcase> <!-- dragAndDrop -->
</testsuite> <!-- com.softq.main.Flipkart -->
