<?xml version="1.0" encoding="UTF-8"?>
<!-- Generated by org.testng.reporters.JUnitReportReporter -->
<testsuite skipped="1" hostname="DESKTOP-5BHJEAE" name="com.softq.com.softq.sample.TestNGBank" tests="3" failures="0" timestamp="13 Jul 2017 14:18:39 GMT" time="0.016" errors="0">
  <testcase name="xyz" time="0.016" classname="com.softq.com.softq.sample.TestNGBank"/>
  <testcase name="pqr" time="0.000" classname="com.softq.com.softq.sample.TestNGBank"/>
  <testcase name="abc" classname="com.softq.com.softq.sample.TestNGBank">
    <skipped/>
  </testcase> <!-- abc -->
</testsuite> <!-- com.softq.com.softq.sample.TestNGBank -->
