<?xml version="1.0" encoding="UTF-8"?>
<!-- Generated by org.testng.reporters.JUnitReportReporter -->
<testsuite skipped="0" hostname="DESKTOP-5BHJEAE" name="com.softq.sample.SingleDropdown" tests="2" failures="0" timestamp="19 Jul 2017 13:58:59 GMT" time="64.199" errors="0">
  <testcase name="singleDropDown" time="39.310" classname="com.softq.sample.SingleDropdown"/>
  <testcase name="singleDropDown" time="24.889" classname="com.softq.sample.SingleDropdown"/>
</testsuite> <!-- com.softq.sample.SingleDropdown -->
