<?xml version="1.0" encoding="UTF-8"?>
<!-- Generated by org.testng.reporters.JUnitReportReporter -->
<testsuite skipped="0" hostname="DESKTOP-5BHJEAE" name="com.softq.sample.MouseOperations" tests="8" failures="0" timestamp="19 Jul 2017 13:58:59 GMT" time="199.513" errors="0">
  <testcase name="DragAnddrop" time="26.787" classname="com.softq.sample.MouseOperations"/>
  <testcase name="DragAnddrop" time="21.564" classname="com.softq.sample.MouseOperations"/>
  <testcase name="MoveToelement" time="10.717" classname="com.softq.sample.MouseOperations"/>
  <testcase name="MoveToelement" time="19.064" classname="com.softq.sample.MouseOperations"/>
  <testcase name="Browserslider" time="32.044" classname="com.softq.sample.MouseOperations"/>
  <testcase name="Browserslider" time="45.327" classname="com.softq.sample.MouseOperations"/>
  <testcase name="slider" time="18.554" classname="com.softq.sample.MouseOperations"/>
  <testcase name="slider" time="25.456" classname="com.softq.sample.MouseOperations"/>
</testsuite> <!-- com.softq.sample.MouseOperations -->
