<?xml version="1.0" encoding="UTF-8"?>
<!-- Generated by org.testng.reporters.JUnitReportReporter -->
<testsuite skipped="0" hostname="DESKTOP-5BHJEAE" name="com.softq.sample.TestNGDemo" tests="1" failures="0" timestamp="13 Jul 2017 13:58:42 GMT" time="9.954" errors="0">
  <testcase name="sbiBank" time="9.954" classname="com.softq.sample.TestNGDemo"/>
</testsuite> <!-- com.softq.sample.TestNGDemo -->
