<?xml version="1.0" encoding="UTF-8"?>
<!-- Generated by org.testng.reporters.JUnitReportReporter -->
<testsuite skipped="0" hostname="DESKTOP-5BHJEAE" name="com.softq.sample.MultiBrowser" tests="2" failures="0" timestamp="19 Jul 2017 13:16:07 GMT" time="49.913" errors="0">
  <testcase name="a" time="15.035" classname="com.softq.sample.MultiBrowser"/>
  <testcase name="f" time="34.878" classname="com.softq.sample.MultiBrowser"/>
</testsuite> <!-- com.softq.sample.MultiBrowser -->
