<?xml version="1.0" encoding="UTF-8"?>
<!-- Generated by org.testng.reporters.JUnitReportReporter -->
<testsuite skipped="0" hostname="DESKTOP-5BHJEAE" name="example1.TestNGEEnadu" tests="2" failures="0" timestamp="13 Jul 2017 02:59:47 GMT" time="18.605" errors="0">
  <testcase name="eenadu1" time="9.651" classname="example1.TestNGEEnadu"/>
  <testcase name="eenadu" time="8.954" classname="example1.TestNGEEnadu"/>
</testsuite> <!-- example1.TestNGEEnadu -->
