<?xml version="1.0" encoding="UTF-8"?>
<!-- Generated by org.testng.reporters.JUnitReportReporter -->
<testsuite skipped="1" hostname="DESKTOP-5BHJEAE" name="example1.TestNGDemo" tests="2" failures="0" timestamp="13 Jul 2017 02:47:20 GMT" time="0.007" errors="0">
  <testcase name="facebook" time="0.007" classname="example1.TestNGDemo"/>
  <testcase name="gmail" classname="example1.TestNGDemo">
    <skipped/>
  </testcase> <!-- gmail -->
</testsuite> <!-- example1.TestNGDemo -->
