<?xml version="1.0" encoding="UTF-8"?>
<!-- Generated by org.testng.reporters.JUnitReportReporter -->
<testsuite skipped="4" hostname="DESKTOP-5BHJEAE" name="com.softq.MouseOperations" tests="9" failures="0" timestamp="25 Jul 2017 10:39:06 GMT" time="138.535" errors="1">
  <testcase name="DragAnddrop" time="22.608" classname="com.softq.MouseOperations"/>
  <testcase name="setup" time="46.243" classname="com.softq.MouseOperations">
    <error type="org.openqa.selenium.WebDriverException" message="Failed to connect to binary FirefoxBinary(C:\Program Files (x86)\Mozilla Firefox\firefox.exe) on port 7055; process output follows: 
n&quot;:true,&quot;dependencies&quot;:[],&quot;hasEmbeddedWebExtension&quot;:false,&quot;mpcOptedOut&quot;:true,&quot;userPermissions&quot;:null}
1500979077190	DeferredSave.extensions.json	DEBUG	Save changes
1500979077190	addons.xpi	DEBUG	Updating database with changes to installed add-ons
1500979077191	addons.xpi-utils	DEBUG	Updating add-on states
1500979077193	addons.xpi-utils	DEBUG	Writing add-ons list
1500979077198	addons.xpi	DEBUG	Registering manifest for C:\Program Files (x86)\Mozilla Firefox\browser\features\aushelper@mozilla.org.xpi
1500979077199	addons.xpi	DEBUG	Calling bootstrap method startup on aushelper@mozilla.org version 2.0
1500979077200	addons.xpi	DEBUG	Registering manifest for C:\Program Files (x86)\Mozilla Firefox\browser\features\e10srollout@mozilla.org.xpi
1500979077201	addons.xpi	DEBUG	Calling bootstrap method startup on e10srollout@mozilla.org version 1.50
1500979077202	addons.xpi	DEBUG	Registering manifest for C:\Program Files (x86)\Mozilla Firefox\browser\features\firefox@getpocket.com.xpi
1500979077203	addons.xpi	DEBUG	Calling bootstrap method startup on firefox@getpocket.com version 1.0.5
1500979077204	addons.xpi	DEBUG	Registering manifest for C:\Program Files (x86)\Mozilla Firefox\browser\features\screenshots@mozilla.org.xpi
1500979077205	addons.xpi	DEBUG	Calling bootstrap method startup on screenshots@mozilla.org version 6.6.0
1500979077205	addons.xpi	DEBUG	Registering manifest for C:\Program Files (x86)\Mozilla Firefox\browser\features\webcompat@mozilla.org.xpi
1500979077206	addons.xpi	DEBUG	Calling bootstrap method startup on webcompat@mozilla.org version 1.1
1500979077212	addons.manager	DEBUG	Registering shutdown blocker for XPIProvider
1500979077212	addons.manager	DEBUG	Provider finished startup: XPIProvider
1500979077212	addons.manager	DEBUG	Starting provider: LightweightThemeManager
1500979077212	addons.manager	DEBUG	Registering shutdown blocker for LightweightThemeManager
1500979077212	addons.manager	DEBUG	Provider finished startup: LightweightThemeManager
1500979077213	addons.manager	DEBUG	Starting provider: GMPProvider
1500979077221	addons.manager	DEBUG	Registering shutdown blocker for GMPProvider
1500979077221	addons.manager	DEBUG	Provider finished startup: GMPProvider
1500979077222	addons.manager	DEBUG	Starting provider: PluginProvider
1500979077222	addons.manager	DEBUG	Registering shutdown blocker for PluginProvider
1500979077223	addons.manager	DEBUG	Provider finished startup: PluginProvider
1500979077223	addons.manager	DEBUG	Completed startup sequence
[GFX1]: Potential driver version mismatch ignored due to missing DLLs igd10umd32 v= and igd10iumd32.dll v=0.0.0.0
1500979079885	addons.manager	DEBUG	Starting provider: &lt;unnamed-provider&gt;
1500979079885	addons.manager	DEBUG	Registering shutdown blocker for &lt;unnamed-provider&gt;
1500979079886	addons.manager	DEBUG	Provider finished startup: &lt;unnamed-provider&gt;
1500979080231	DeferredSave.extensions.json	DEBUG	Write succeeded
1500979080231	addons.xpi-utils	DEBUG	XPI Database saved, setting schema version preference to 19
1500979080231	DeferredSave.extensions.json	DEBUG	Starting timer
1500979080253	addons.repository	DEBUG	No addons.json found.
1500979080254	DeferredSave.addons.json	DEBUG	Save changes
1500979080260	DeferredSave.addons.json	DEBUG	Starting timer
1500979080308	addons.manager	DEBUG	Starting provider: PreviousExperimentProvider
1500979080308	addons.manager	DEBUG	Registering shutdown blocker for PreviousExperimentProvider
1500979080308	addons.manager	DEBUG	Provider finished startup: PreviousExperimentProvider
1500979080316	DeferredSave.extensions.json	DEBUG	Starting write
1500979080326	DeferredSave.addons.json	DEBUG	Starting write
1500979080382	DeferredSave.extensions.json	DEBUG	Write succeeded
1500979080392	DeferredSave.addons.json	DEBUG	Write succeeded
Crash Annotation GraphicsCriticalError: |[C0][GFX1]: Potential driver version mismatch ignored due to missing DLLs igd10umd32 v= and igd10iumd32.dll v=0.0.0.0 (t=1.1768) [GFX1]: Potential driver version mismatch ignored due to missing DLLs igd10umd32 v= and igd10iumd32.dll v=0.0.0.0

Build info: version: &#039;2.53.1&#039;, revision: &#039;a36b8b1&#039;, time: &#039;2016-06-30 17:37:03&#039;
System info: host: &#039;DESKTOP-5BHJEAE&#039;, ip: &#039;192.168.1.26&#039;, os.name: &#039;Windows 10&#039;, os.arch: &#039;amd64&#039;, os.version: &#039;10.0&#039;, java.version: &#039;1.8.0_111&#039;
Driver info: driver.version: FirefoxDriver">
      <![CDATA[org.openqa.selenium.WebDriverException: Failed to connect to binary FirefoxBinary(C:\Program Files (x86)\Mozilla Firefox\firefox.exe) on port 7055; process output follows: 
n":true,"dependencies":[],"hasEmbeddedWebExtension":false,"mpcOptedOut":true,"userPermissions":null}
1500979077190	DeferredSave.extensions.json	DEBUG	Save changes
1500979077190	addons.xpi	DEBUG	Updating database with changes to installed add-ons
1500979077191	addons.xpi-utils	DEBUG	Updating add-on states
1500979077193	addons.xpi-utils	DEBUG	Writing add-ons list
1500979077198	addons.xpi	DEBUG	Registering manifest for C:\Program Files (x86)\Mozilla Firefox\browser\features\aushelper@mozilla.org.xpi
1500979077199	addons.xpi	DEBUG	Calling bootstrap method startup on aushelper@mozilla.org version 2.0
1500979077200	addons.xpi	DEBUG	Registering manifest for C:\Program Files (x86)\Mozilla Firefox\browser\features\e10srollout@mozilla.org.xpi
1500979077201	addons.xpi	DEBUG	Calling bootstrap method startup on e10srollout@mozilla.org version 1.50
1500979077202	addons.xpi	DEBUG	Registering manifest for C:\Program Files (x86)\Mozilla Firefox\browser\features\firefox@getpocket.com.xpi
1500979077203	addons.xpi	DEBUG	Calling bootstrap method startup on firefox@getpocket.com version 1.0.5
1500979077204	addons.xpi	DEBUG	Registering manifest for C:\Program Files (x86)\Mozilla Firefox\browser\features\screenshots@mozilla.org.xpi
1500979077205	addons.xpi	DEBUG	Calling bootstrap method startup on screenshots@mozilla.org version 6.6.0
1500979077205	addons.xpi	DEBUG	Registering manifest for C:\Program Files (x86)\Mozilla Firefox\browser\features\webcompat@mozilla.org.xpi
1500979077206	addons.xpi	DEBUG	Calling bootstrap method startup on webcompat@mozilla.org version 1.1
1500979077212	addons.manager	DEBUG	Registering shutdown blocker for XPIProvider
1500979077212	addons.manager	DEBUG	Provider finished startup: XPIProvider
1500979077212	addons.manager	DEBUG	Starting provider: LightweightThemeManager
1500979077212	addons.manager	DEBUG	Registering shutdown blocker for LightweightThemeManager
1500979077212	addons.manager	DEBUG	Provider finished startup: LightweightThemeManager
1500979077213	addons.manager	DEBUG	Starting provider: GMPProvider
1500979077221	addons.manager	DEBUG	Registering shutdown blocker for GMPProvider
1500979077221	addons.manager	DEBUG	Provider finished startup: GMPProvider
1500979077222	addons.manager	DEBUG	Starting provider: PluginProvider
1500979077222	addons.manager	DEBUG	Registering shutdown blocker for PluginProvider
1500979077223	addons.manager	DEBUG	Provider finished startup: PluginProvider
1500979077223	addons.manager	DEBUG	Completed startup sequence
[GFX1]: Potential driver version mismatch ignored due to missing DLLs igd10umd32 v= and igd10iumd32.dll v=0.0.0.0
1500979079885	addons.manager	DEBUG	Starting provider: <unnamed-provider>
1500979079885	addons.manager	DEBUG	Registering shutdown blocker for <unnamed-provider>
1500979079886	addons.manager	DEBUG	Provider finished startup: <unnamed-provider>
1500979080231	DeferredSave.extensions.json	DEBUG	Write succeeded
1500979080231	addons.xpi-utils	DEBUG	XPI Database saved, setting schema version preference to 19
1500979080231	DeferredSave.extensions.json	DEBUG	Starting timer
1500979080253	addons.repository	DEBUG	No addons.json found.
1500979080254	DeferredSave.addons.json	DEBUG	Save changes
1500979080260	DeferredSave.addons.json	DEBUG	Starting timer
1500979080308	addons.manager	DEBUG	Starting provider: PreviousExperimentProvider
1500979080308	addons.manager	DEBUG	Registering shutdown blocker for PreviousExperimentProvider
1500979080308	addons.manager	DEBUG	Provider finished startup: PreviousExperimentProvider
1500979080316	DeferredSave.extensions.json	DEBUG	Starting write
1500979080326	DeferredSave.addons.json	DEBUG	Starting write
1500979080382	DeferredSave.extensions.json	DEBUG	Write succeeded
1500979080392	DeferredSave.addons.json	DEBUG	Write succeeded
Crash Annotation GraphicsCriticalError: |[C0][GFX1]: Potential driver version mismatch ignored due to missing DLLs igd10umd32 v= and igd10iumd32.dll v=0.0.0.0 (t=1.1768) [GFX1]: Potential driver version mismatch ignored due to missing DLLs igd10umd32 v= and igd10iumd32.dll v=0.0.0.0

Build info: version: '2.53.1', revision: 'a36b8b1', time: '2016-06-30 17:37:03'
System info: host: 'DESKTOP-5BHJEAE', ip: '192.168.1.26', os.name: 'Windows 10', os.arch: 'amd64', os.version: '10.0', java.version: '1.8.0_111'
Driver info: driver.version: FirefoxDriver
	at org.openqa.selenium.firefox.internal.NewProfileExtensionConnection.start(NewProfileExtensionConnection.java:124)
	at org.openqa.selenium.firefox.FirefoxDriver.startClient(FirefoxDriver.java:271)
	at org.openqa.selenium.remote.RemoteWebDriver.<init>(RemoteWebDriver.java:119)
	at org.openqa.selenium.firefox.FirefoxDriver.<init>(FirefoxDriver.java:218)
	at org.openqa.selenium.firefox.FirefoxDriver.<init>(FirefoxDriver.java:211)
	at org.openqa.selenium.firefox.FirefoxDriver.<init>(FirefoxDriver.java:207)
	at org.openqa.selenium.firefox.FirefoxDriver.<init>(FirefoxDriver.java:120)
	at com.softq.MouseOperations.setup(MouseOperations.java:32)
	at sun.reflect.NativeMethodAccessorImpl.invoke0(Native Method)
	at sun.reflect.NativeMethodAccessorImpl.invoke(Unknown Source)
	at sun.reflect.DelegatingMethodAccessorImpl.invoke(Unknown Source)
	at java.lang.reflect.Method.invoke(Unknown Source)
	at org.testng.internal.MethodInvocationHelper.invokeMethod(MethodInvocationHelper.java:108)
	at org.testng.internal.Invoker.invokeConfigurationMethod(Invoker.java:523)
	at org.testng.internal.Invoker.invokeConfigurations(Invoker.java:224)
	at org.testng.internal.Invoker.invokeMethod(Invoker.java:599)
	at org.testng.internal.Invoker.invokeTestMethod(Invoker.java:869)
	at org.testng.internal.Invoker.invokeTestMethods(Invoker.java:1193)
	at org.testng.internal.TestMethodWorker.invokeTestMethods(TestMethodWorker.java:126)
	at org.testng.internal.TestMethodWorker.run(TestMethodWorker.java:109)
	at org.testng.TestRunner.privateRun(TestRunner.java:744)
	at org.testng.TestRunner.run(TestRunner.java:602)
	at org.testng.SuiteRunner.runTest(SuiteRunner.java:380)
	at org.testng.SuiteRunner.access$000(SuiteRunner.java:39)
	at org.testng.SuiteRunner$SuiteWorker.run(SuiteRunner.java:414)
	at org.testng.internal.thread.ThreadUtil$1.call(ThreadUtil.java:52)
	at java.util.concurrent.FutureTask.run(Unknown Source)
	at java.util.concurrent.ThreadPoolExecutor.runWorker(Unknown Source)
	at java.util.concurrent.ThreadPoolExecutor$Worker.run(Unknown Source)
	at java.lang.Thread.run(Unknown Source)
Caused by: org.openqa.selenium.firefox.NotConnectedException: Unable to connect to host 127.0.0.1 on port 7055 after 45000 ms. Firefox console output:
n":true,"dependencies":[],"hasEmbeddedWebExtension":false,"mpcOptedOut":true,"userPermissions":null}
1500979077190	DeferredSave.extensions.json	DEBUG	Save changes
1500979077190	addons.xpi	DEBUG	Updating database with changes to installed add-ons
1500979077191	addons.xpi-utils	DEBUG	Updating add-on states
1500979077193	addons.xpi-utils	DEBUG	Writing add-ons list
1500979077198	addons.xpi	DEBUG	Registering manifest for C:\Program Files (x86)\Mozilla Firefox\browser\features\aushelper@mozilla.org.xpi
1500979077199	addons.xpi	DEBUG	Calling bootstrap method startup on aushelper@mozilla.org version 2.0
1500979077200	addons.xpi	DEBUG	Registering manifest for C:\Program Files (x86)\Mozilla Firefox\browser\features\e10srollout@mozilla.org.xpi
1500979077201	addons.xpi	DEBUG	Calling bootstrap method startup on e10srollout@mozilla.org version 1.50
1500979077202	addons.xpi	DEBUG	Registering manifest for C:\Program Files (x86)\Mozilla Firefox\browser\features\firefox@getpocket.com.xpi
1500979077203	addons.xpi	DEBUG	Calling bootstrap method startup on firefox@getpocket.com version 1.0.5
1500979077204	addons.xpi	DEBUG	Registering manifest for C:\Program Files (x86)\Mozilla Firefox\browser\features\screenshots@mozilla.org.xpi
1500979077205	addons.xpi	DEBUG	Calling bootstrap method startup on screenshots@mozilla.org version 6.6.0
1500979077205	addons.xpi	DEBUG	Registering manifest for C:\Program Files (x86)\Mozilla Firefox\browser\features\webcompat@mozilla.org.xpi
1500979077206	addons.xpi	DEBUG	Calling bootstrap method startup on webcompat@mozilla.org version 1.1
1500979077212	addons.manager	DEBUG	Registering shutdown blocker for XPIProvider
1500979077212	addons.manager	DEBUG	Provider finished startup: XPIProvider
1500979077212	addons.manager	DEBUG	Starting provider: LightweightThemeManager
1500979077212	addons.manager	DEBUG	Registering shutdown blocker for LightweightThemeManager
1500979077212	addons.manager	DEBUG	Provider finished startup: LightweightThemeManager
1500979077213	addons.manager	DEBUG	Starting provider: GMPProvider
1500979077221	addons.manager	DEBUG	Registering shutdown blocker for GMPProvider
1500979077221	addons.manager	DEBUG	Provider finished startup: GMPProvider
1500979077222	addons.manager	DEBUG	Starting provider: PluginProvider
1500979077222	addons.manager	DEBUG	Registering shutdown blocker for PluginProvider
1500979077223	addons.manager	DEBUG	Provider finished startup: PluginProvider
1500979077223	addons.manager	DEBUG	Completed startup sequence
[GFX1]: Potential driver version mismatch ignored due to missing DLLs igd10umd32 v= and igd10iumd32.dll v=0.0.0.0
1500979079885	addons.manager	DEBUG	Starting provider: <unnamed-provider>
1500979079885	addons.manager	DEBUG	Registering shutdown blocker for <unnamed-provider>
1500979079886	addons.manager	DEBUG	Provider finished startup: <unnamed-provider>
1500979080231	DeferredSave.extensions.json	DEBUG	Write succeeded
1500979080231	addons.xpi-utils	DEBUG	XPI Database saved, setting schema version preference to 19
1500979080231	DeferredSave.extensions.json	DEBUG	Starting timer
1500979080253	addons.repository	DEBUG	No addons.json found.
1500979080254	DeferredSave.addons.json	DEBUG	Save changes
1500979080260	DeferredSave.addons.json	DEBUG	Starting timer
1500979080308	addons.manager	DEBUG	Starting provider: PreviousExperimentProvider
1500979080308	addons.manager	DEBUG	Registering shutdown blocker for PreviousExperimentProvider
1500979080308	addons.manager	DEBUG	Provider finished startup: PreviousExperimentProvider
1500979080316	DeferredSave.extensions.json	DEBUG	Starting write
1500979080326	DeferredSave.addons.json	DEBUG	Starting write
1500979080382	DeferredSave.extensions.json	DEBUG	Write succeeded
1500979080392	DeferredSave.addons.json	DEBUG	Write succeeded
Crash Annotation GraphicsCriticalError: |[C0][GFX1]: Potential driver version mismatch ignored due to missing DLLs igd10umd32 v= and igd10iumd32.dll v=0.0.0.0 (t=1.1768) [GFX1]: Potential driver version mismatch ignored due to missing DLLs igd10umd32 v= and igd10iumd32.dll v=0.0.0.0

	at org.openqa.selenium.firefox.internal.NewProfileExtensionConnection.start(NewProfileExtensionConnection.java:112)
	... 29 more
]]>
    </error>
  </testcase> <!-- setup -->
  <testcase name="DragAnddrop" time="0.000" classname="com.softq.MouseOperations">
    <skipped/>
  </testcase> <!-- DragAnddrop -->
  <testcase name="MoveToelement" time="0.000" classname="com.softq.MouseOperations">
    <skipped/>
  </testcase> <!-- MoveToelement -->
  <testcase name="MoveToelement" time="21.160" classname="com.softq.MouseOperations"/>
  <testcase name="Browserslider" time="32.919" classname="com.softq.MouseOperations"/>
  <testcase name="Browserslider" time="0.000" classname="com.softq.MouseOperations">
    <skipped/>
  </testcase> <!-- Browserslider -->
  <testcase name="slider" time="15.605" classname="com.softq.MouseOperations"/>
  <testcase name="slider" time="0.000" classname="com.softq.MouseOperations">
    <skipped/>
  </testcase> <!-- slider -->
</testsuite> <!-- com.softq.MouseOperations -->
