<?xml version="1.0" encoding="UTF-8"?>
<!-- Generated by org.testng.reporters.JUnitReportReporter -->
<testsuite skipped="0" hostname="DESKTOP-5BHJEAE" name="com.softq.TestNGDemo" tests="6" failures="0" timestamp="14 Jul 2017 04:43:08 GMT" time="302.800" errors="0">
  <testcase name="abc" time="71.127" classname="com.softq.TestNGDemo"/>
  <testcase name="abc" time="44.436" classname="com.softq.TestNGDemo"/>
  <testcase name="xyz" time="76.048" classname="com.softq.TestNGDemo"/>
  <testcase name="pqr" time="19.635" classname="com.softq.TestNGDemo"/>
  <testcase name="xyz" time="73.637" classname="com.softq.TestNGDemo"/>
  <testcase name="pqr" time="17.917" classname="com.softq.TestNGDemo"/>
</testsuite> <!-- com.softq.TestNGDemo -->
