<?xml version="1.0" encoding="UTF-8"?>
<!-- Generated by org.testng.reporters.JUnitReportReporter -->
<testsuite skipped="1" hostname="DESKTOP-5BHJEAE" name="com.test.automation.UIAutomation.homepage.TC003_VerifyLoginWithDifferentRecords" tests="1" failures="0" timestamp="31 Aug 2017 01:00:14 GMT" time="0.000" errors="0">
  <testcase name="loginToApplication" time="0.000" classname="com.test.automation.UIAutomation.homepage.TC003_VerifyLoginWithDifferentRecords">
    <skipped/>
  </testcase> <!-- loginToApplication -->
</testsuite> <!-- com.test.automation.UIAutomation.homepage.TC003_VerifyLoginWithDifferentRecords -->
