<?xml version="1.0" encoding="UTF-8"?>
<!-- Generated by org.testng.reporters.JUnitReportReporter -->
<testsuite skipped="0" hostname="DESKTOP-5BHJEAE" name="com.test.automation.UIAutomation.homepage.TC003_VerifyLoginWithDifferentRecords" tests="1" failures="0" timestamp="31 Aug 2017 16:17:42 GMT" time="5.856" errors="0">
  <testcase name="loginToApplication" time="5.856" classname="com.test.automation.UIAutomation.homepage.TC003_VerifyLoginWithDifferentRecords"/>
</testsuite> <!-- com.test.automation.UIAutomation.homepage.TC003_VerifyLoginWithDifferentRecords -->
