<?xml version="1.0" encoding="UTF-8"?>
<!-- Generated by org.testng.reporters.JUnitReportReporter -->
<testsuite skipped="0" hostname="DESKTOP-5BHJEAE" name="com.test.automation.UIAutomation.homepage.TC003_VerifyLoginWithDifferentRecords" tests="3" failures="0" timestamp="01 Sep 2017 00:14:21 GMT" time="12.026" errors="0">
  <testcase name="loginToApplication" time="4.089" classname="com.test.automation.UIAutomation.homepage.TC003_VerifyLoginWithDifferentRecords"/>
  <testcase name="loginToApplication" time="3.803" classname="com.test.automation.UIAutomation.homepage.TC003_VerifyLoginWithDifferentRecords"/>
  <testcase name="loginToApplication" time="4.134" classname="com.test.automation.UIAutomation.homepage.TC003_VerifyLoginWithDifferentRecords"/>
</testsuite> <!-- com.test.automation.UIAutomation.homepage.TC003_VerifyLoginWithDifferentRecords -->
