<?xml version="1.0" encoding="UTF-8"?>
<!-- Generated by org.testng.reporters.JUnitReportReporter -->
<testsuite skipped="0" hostname="DESKTOP-5BHJEAE" name="com.test.automation.UIAutomation.homepage.TC001_VerifyLoginWithInvalidCredentials" tests="1" failures="0" timestamp="10 Aug 2017 04:40:41 GMT" time="10.289" errors="0">
  <testcase name="verifyLoginWithInvalidCredentials" time="10.289" classname="com.test.automation.UIAutomation.homepage.TC001_VerifyLoginWithInvalidCredentials"/>
</testsuite> <!-- com.test.automation.UIAutomation.homepage.TC001_VerifyLoginWithInvalidCredentials -->
